2025-11-27T17:52:44.753Z - [RECOVERED] deck/Bots With An Attitude.md
2025-11-27T17:52:44.753Z - [RECOVERED] deck/Bots With An Attitude.md
2025-12-01T15:24:52.304Z - [RECOVERED] deck/Forgotten Futures.md
    "expected": "'draft' | 'presented'",
    "received": "undefined",
    "code": "invalid_type",
    "path": [
      "metadata",
      "status"
    ],
    "message": "Required"
  },
  {
    "expected": "'draft' | 'presented'",
    "received": "undefined",
    "code": "invalid_type",
    "path": [
      "status"
    ],
    "message": "Required"
  }
]
2025-12-01T15:24:52.304Z - [RECOVERED] deck/Forgotten Futures.md
2025-12-01T15:24:52.308Z - [RECOVERED] deck/Bots With An Attitude.md
    "expected": "'draft' | 'presented'",
    "received": "undefined",
    "code": "invalid_type",
    "path": [
      "metadata",
      "status"
    ],
    "message": "Required"
  },
  {
    "expected": "'draft' | 'presented'",
    "received": "undefined",
    "code": "invalid_type",
    "path": [
      "status"
    ],
    "message": "Required"
  }
]
2025-12-01T15:24:52.308Z - [RECOVERED] deck/Bots With An Attitude.md
2025-12-10T04:57:18.403Z - [RECOVERED] deck/Forgotten Futures.md
    "received": "presented",
    "code": "invalid_enum_value",
    "options": [
      "draft",
      "published"
    ],
    "path": [
      "status"
    ],
    "message": "Invalid enum value. Expected 'draft' | 'published', received 'presented'"
  }
]
2025-12-10T04:57:18.403Z - [RECOVERED] deck/Forgotten Futures.md
2025-12-10T04:57:18.407Z - [RECOVERED] deck/Bots With An Attitude.md
    "received": "presented",
    "code": "invalid_enum_value",
    "options": [
      "draft",
      "published"
    ],
    "path": [
      "status"
    ],
    "message": "Invalid enum value. Expected 'draft' | 'published', received 'presented'"
  }
]
2025-12-10T04:57:18.407Z - [RECOVERED] deck/Bots With An Attitude.md
2025-12-10T04:57:18.409Z - [RECOVERED] deck/Becoming Narrow Minded.md
    "received": "presented",
    "code": "invalid_enum_value",
    "options": [
      "draft",
      "published"
    ],
    "path": [
      "status"
    ],
    "message": "Invalid enum value. Expected 'draft' | 'published', received 'presented'"
  }
]
2025-12-10T04:57:18.409Z - [RECOVERED] deck/Becoming Narrow Minded.md
2025-12-10T05:07:59.212Z - deck/Becoming Narrow Minded.md: [
  {
    "received": "published",
    "code": "invalid_enum_value",
    "options": [
      "draft",
      "presented"
    ],
    "path": [
      "status"
    ],
    "message": "Invalid enum value. Expected 'draft' | 'presented', received 'published'"
  }
]
→ deck/Becoming Narrow Minded.md.invalid

2025-12-10T05:07:59.212Z - deck/Bots With An Attitude.md: [
  {
    "received": "published",
    "code": "invalid_enum_value",
    "options": [
      "draft",
      "presented"
    ],
    "path": [
      "status"
    ],
    "message": "Invalid enum value. Expected 'draft' | 'presented', received 'published'"
  }
]
→ deck/Bots With An Attitude.md.invalid

2025-12-10T05:07:59.212Z - deck/Forgotten Futures.md: [
  {
    "received": "published",
    "code": "invalid_enum_value",
    "options": [
      "draft",
      "presented"
    ],
    "path": [
      "status"
    ],
    "message": "Invalid enum value. Expected 'draft' | 'presented', received 'published'"
  }
]
→ deck/Forgotten Futures.md.invalid

